<?xml version="1.0" encoding="UTF-8"?>
<coverage generated="1679761864104" clover="3.2.0">
  <project timestamp="1679761864104" name="All files">
    <metrics statements="39" coveredstatements="37" conditionals="11" coveredconditionals="10" methods="16" coveredmethods="14" elements="66" coveredelements="61" complexity="0" loc="39" ncloc="39" packages="5" files="7" classes="7"/>
    <package name="components.Container">
      <metrics statements="3" coveredstatements="3" conditionals="0" coveredconditionals="0" methods="2" coveredmethods="2"/>
      <file name="index.jsx" path="C:\Users\USURIO\Desktop\Proyectos\tutubo\src\components\Container\index.jsx">
        <metrics statements="3" coveredstatements="3" conditionals="0" coveredconditionals="0" methods="2" coveredmethods="2"/>
        <line num="3" count="1" type="stmt"/>
        <line num="8" count="8" type="stmt"/>
        <line num="12" count="8" type="stmt"/>
      </file>
    </package>
    <package name="components.ListadoVideos">
      <metrics statements="16" coveredstatements="15" conditionals="11" coveredconditionals="10" methods="6" coveredmethods="5"/>
      <file name="index.jsx" path="C:\Users\USURIO\Desktop\Proyectos\tutubo\src\components\ListadoVideos\index.jsx">
        <metrics statements="10" coveredstatements="9" conditionals="11" coveredconditionals="10" methods="4" coveredmethods="3"/>
        <line num="9" count="1" type="stmt"/>
        <line num="11" count="8" type="stmt"/>
        <line num="14" count="8" type="stmt"/>
        <line num="16" count="0" type="stmt"/>
        <line num="21" count="8" type="stmt"/>
        <line num="25" count="8" type="stmt"/>
        <line num="26" count="8" type="cond" truecount="1" falsecount="1"/>
        <line num="27" count="8" type="stmt"/>
        <line num="31" count="8" type="stmt"/>
        <line num="36" count="5" type="stmt"/>
      </file>
      <file name="style.js" path="C:\Users\USURIO\Desktop\Proyectos\tutubo\src\components\ListadoVideos\style.js">
        <metrics statements="6" coveredstatements="6" conditionals="0" coveredconditionals="0" methods="2" coveredmethods="2"/>
        <line num="4" count="1" type="stmt"/>
        <line num="14" count="8" type="stmt"/>
        <line num="17" count="8" type="stmt"/>
        <line num="27" count="1" type="stmt"/>
        <line num="35" count="1" type="stmt"/>
        <line num="40" count="1" type="stmt"/>
      </file>
    </package>
    <package name="components.Spinner">
      <metrics statements="5" coveredstatements="5" conditionals="0" coveredconditionals="0" methods="3" coveredmethods="3"/>
      <file name="index.jsx" path="C:\Users\USURIO\Desktop\Proyectos\tutubo\src\components\Spinner\index.jsx">
        <metrics statements="5" coveredstatements="5" conditionals="0" coveredconditionals="0" methods="3" coveredmethods="3"/>
        <line num="4" count="1" type="stmt"/>
        <line num="5" count="1" type="stmt"/>
        <line num="25" count="1" type="stmt"/>
        <line num="87" count="1" type="stmt"/>
        <line num="88" count="1" type="stmt"/>
      </file>
    </package>
    <package name="components.Video">
      <metrics statements="13" coveredstatements="12" conditionals="0" coveredconditionals="0" methods="5" coveredmethods="4"/>
      <file name="index.jsx" path="C:\Users\USURIO\Desktop\Proyectos\tutubo\src\components\Video\index.jsx">
        <metrics statements="5" coveredstatements="4" conditionals="0" coveredconditionals="0" methods="2" coveredmethods="1"/>
        <line num="5" count="1" type="stmt"/>
        <line num="7" count="5" type="stmt"/>
        <line num="8" count="5" type="stmt"/>
        <line num="10" count="5" type="stmt"/>
        <line num="12" count="0" type="stmt"/>
      </file>
      <file name="style.js" path="C:\Users\USURIO\Desktop\Proyectos\tutubo\src\components\Video\style.js">
        <metrics statements="8" coveredstatements="8" conditionals="0" coveredconditionals="0" methods="3" coveredmethods="3"/>
        <line num="3" count="1" type="stmt"/>
        <line num="12" count="5" type="stmt"/>
        <line num="17" count="1" type="stmt"/>
        <line num="23" count="1" type="stmt"/>
        <line num="28" count="1" type="stmt"/>
        <line num="29" count="5" type="stmt"/>
        <line num="40" count="1" type="stmt"/>
        <line num="41" count="10" type="stmt"/>
      </file>
    </package>
    <package name="config">
      <metrics statements="2" coveredstatements="2" conditionals="0" coveredconditionals="0" methods="0" coveredmethods="0"/>
      <file name="theme.js" path="C:\Users\USURIO\Desktop\Proyectos\tutubo\src\config\theme.js">
        <metrics statements="2" coveredstatements="2" conditionals="0" coveredconditionals="0" methods="0" coveredmethods="0"/>
        <line num="1" count="1" type="stmt"/>
        <line num="20" count="1" type="stmt"/>
      </file>
    </package>
  </project>
</coverage>
