{"C:\\Users\\USURIO\\Desktop\\Proyectos\\tutubo\\src\\components\\Container\\index.jsx": {"path":"C:\\Users\\USURIO\\Desktop\\Proyectos\\tutubo\\src\\components\\Container\\index.jsx","statementMap":{"0":{"start":{"line":3,"column":25},"end":{"line":18,"column":1}},"1":{"start":{"line":8,"column":17},"end":{"line":8,"column":40}},"2":{"start":{"line":12,"column":17},"end":{"line":12,"column":41}}},"fnMap":{"0":{"name":"(anonymous_0)","decl":{"start":{"line":8,"column":4},"end":{"line":8,"column":5}},"loc":{"start":{"line":8,"column":17},"end":{"line":8,"column":40}},"line":8},"1":{"name":"(anonymous_1)","decl":{"start":{"line":12,"column":4},"end":{"line":12,"column":5}},"loc":{"start":{"line":12,"column":17},"end":{"line":12,"column":41}},"line":12}},"branchMap":{},"s":{"0":1,"1":8,"2":8},"f":{"0":8,"1":8},"b":{},"_coverageSchema":"1a1c01bbd47fc00a2c39e90264f33305004495a9","hash":"ba3bbb3af96fec0f5e58a509e09975fde2b5a7fc"}
,"C:\\Users\\USURIO\\Desktop\\Proyectos\\tutubo\\src\\components\\ListadoVideos\\index.jsx": {"path":"C:\\Users\\USURIO\\Desktop\\Proyectos\\tutubo\\src\\components\\ListadoVideos\\index.jsx","statementMap":{"0":{"start":{"line":9,"column":22},"end":{"line":68,"column":1}},"1":{"start":{"line":11,"column":4},"end":{"line":11,"column":22}},"2":{"start":{"line":14,"column":27},"end":{"line":19,"column":3}},"3":{"start":{"line":16,"column":6},"end":{"line":16,"column":20}},"4":{"start":{"line":21,"column":32},"end":{"line":23,"column":4}},"5":{"start":{"line":25,"column":2},"end":{"line":29,"column":39}},"6":{"start":{"line":26,"column":4},"end":{"line":28,"column":5}},"7":{"start":{"line":27,"column":6},"end":{"line":27,"column":25}},"8":{"start":{"line":31,"column":2},"end":{"line":67,"column":4}},"9":{"start":{"line":36,"column":12},"end":{"line":40,"column":14}}},"fnMap":{"0":{"name":"(anonymous_0)","decl":{"start":{"line":9,"column":22},"end":{"line":9,"column":23}},"loc":{"start":{"line":9,"column":54},"end":{"line":68,"column":1}},"line":9},"1":{"name":"(anonymous_1)","decl":{"start":{"line":15,"column":13},"end":{"line":15,"column":14}},"loc":{"start":{"line":15,"column":19},"end":{"line":17,"column":5}},"line":15},"2":{"name":"(anonymous_2)","decl":{"start":{"line":25,"column":12},"end":{"line":25,"column":13}},"loc":{"start":{"line":25,"column":18},"end":{"line":29,"column":3}},"line":25},"3":{"name":"(anonymous_3)","decl":{"start":{"line":35,"column":21},"end":{"line":35,"column":22}},"loc":{"start":{"line":36,"column":12},"end":{"line":40,"column":14}},"line":36}},"branchMap":{"0":{"loc":{"start":{"line":26,"column":4},"end":{"line":28,"column":5}},"type":"if","locations":[{"start":{"line":26,"column":4},"end":{"line":28,"column":5}},{"start":{},"end":{}}],"line":26},"1":{"loc":{"start":{"line":34,"column":9},"end":{"line":41,"column":12}},"type":"binary-expr","locations":[{"start":{"line":34,"column":9},"end":{"line":34,"column":15}},{"start":{"line":35,"column":10},"end":{"line":41,"column":12}}],"line":34},"2":{"loc":{"start":{"line":44,"column":11},"end":{"line":50,"column":11}},"type":"binary-expr","locations":[{"start":{"line":44,"column":11},"end":{"line":44,"column":16}},{"start":{"line":45,"column":12},"end":{"line":49,"column":20}}],"line":44},"3":{"loc":{"start":{"line":51,"column":11},"end":{"line":57,"column":11}},"type":"binary-expr","locations":[{"start":{"line":51,"column":11},"end":{"line":51,"column":27}},{"start":{"line":51,"column":31},"end":{"line":51,"column":41}},{"start":{"line":52,"column":12},"end":{"line":56,"column":20}}],"line":51},"4":{"loc":{"start":{"line":59,"column":11},"end":{"line":63,"column":11}},"type":"binary-expr","locations":[{"start":{"line":59,"column":11},"end":{"line":59,"column":20}},{"start":{"line":60,"column":12},"end":{"line":62,"column":30}}],"line":59}},"s":{"0":1,"1":8,"2":8,"3":0,"4":8,"5":8,"6":8,"7":8,"8":8,"9":5},"f":{"0":8,"1":0,"2":8,"3":5},"b":{"0":[8,0],"1":[8,5],"2":[8,1],"3":[8,3,2],"4":[8,1]},"_coverageSchema":"1a1c01bbd47fc00a2c39e90264f33305004495a9","hash":"40d531bae181635356be9192a37e7acee97cb2b4"}
,"C:\\Users\\USURIO\\Desktop\\Proyectos\\tutubo\\src\\components\\ListadoVideos\\style.js": {"path":"C:\\Users\\USURIO\\Desktop\\Proyectos\\tutubo\\src\\components\\ListadoVideos\\style.js","statementMap":{"0":{"start":{"line":4,"column":32},"end":{"line":25,"column":1}},"1":{"start":{"line":14,"column":17},"end":{"line":14,"column":40}},"2":{"start":{"line":17,"column":17},"end":{"line":17,"column":41}},"3":{"start":{"line":27,"column":31},"end":{"line":33,"column":1}},"4":{"start":{"line":35,"column":20},"end":{"line":38,"column":1}},"5":{"start":{"line":40,"column":21},"end":{"line":48,"column":1}}},"fnMap":{"0":{"name":"(anonymous_0)","decl":{"start":{"line":14,"column":4},"end":{"line":14,"column":5}},"loc":{"start":{"line":14,"column":17},"end":{"line":14,"column":40}},"line":14},"1":{"name":"(anonymous_1)","decl":{"start":{"line":17,"column":4},"end":{"line":17,"column":5}},"loc":{"start":{"line":17,"column":17},"end":{"line":17,"column":41}},"line":17}},"branchMap":{},"s":{"0":1,"1":8,"2":8,"3":1,"4":1,"5":1},"f":{"0":8,"1":8},"b":{},"_coverageSchema":"1a1c01bbd47fc00a2c39e90264f33305004495a9","hash":"27a47396c118044d4fa6ff6dffbedd9e386560ec"}
,"C:\\Users\\USURIO\\Desktop\\Proyectos\\tutubo\\src\\components\\Spinner\\index.jsx": {"path":"C:\\Users\\USURIO\\Desktop\\Proyectos\\tutubo\\src\\components\\Spinner\\index.jsx","statementMap":{"0":{"start":{"line":4,"column":21},"end":{"line":85,"column":1}},"1":{"start":{"line":5,"column":24},"end":{"line":5,"column":41}},"2":{"start":{"line":25,"column":30},"end":{"line":25,"column":47}},"3":{"start":{"line":87,"column":16},"end":{"line":104,"column":1}},"4":{"start":{"line":88,"column":2},"end":{"line":103,"column":4}}},"fnMap":{"0":{"name":"(anonymous_0)","decl":{"start":{"line":5,"column":11},"end":{"line":5,"column":12}},"loc":{"start":{"line":5,"column":24},"end":{"line":5,"column":41}},"line":5},"1":{"name":"(anonymous_1)","decl":{"start":{"line":25,"column":17},"end":{"line":25,"column":18}},"loc":{"start":{"line":25,"column":30},"end":{"line":25,"column":47}},"line":25},"2":{"name":"(anonymous_2)","decl":{"start":{"line":87,"column":16},"end":{"line":87,"column":17}},"loc":{"start":{"line":87,"column":27},"end":{"line":104,"column":1}},"line":87}},"branchMap":{},"s":{"0":1,"1":1,"2":1,"3":1,"4":1},"f":{"0":1,"1":1,"2":1},"b":{},"_coverageSchema":"1a1c01bbd47fc00a2c39e90264f33305004495a9","hash":"8d0f616261c517a34c689c9fdc32a44ec6c5ba5a"}
,"C:\\Users\\USURIO\\Desktop\\Proyectos\\tutubo\\src\\components\\Video\\index.jsx": {"path":"C:\\Users\\USURIO\\Desktop\\Proyectos\\tutubo\\src\\components\\Video\\index.jsx","statementMap":{"0":{"start":{"line":5,"column":14},"end":{"line":28,"column":1}},"1":{"start":{"line":7,"column":56},"end":{"line":7,"column":69}},"2":{"start":{"line":8,"column":15},"end":{"line":8,"column":44}},"3":{"start":{"line":10,"column":1},"end":{"line":27,"column":3}},"4":{"start":{"line":12,"column":23},"end":{"line":12,"column":43}}},"fnMap":{"0":{"name":"(anonymous_0)","decl":{"start":{"line":5,"column":14},"end":{"line":5,"column":15}},"loc":{"start":{"line":5,"column":41},"end":{"line":28,"column":1}},"line":5},"1":{"name":"(anonymous_1)","decl":{"start":{"line":12,"column":17},"end":{"line":12,"column":18}},"loc":{"start":{"line":12,"column":23},"end":{"line":12,"column":43}},"line":12}},"branchMap":{},"s":{"0":1,"1":5,"2":5,"3":5,"4":0},"f":{"0":5,"1":0},"b":{},"_coverageSchema":"1a1c01bbd47fc00a2c39e90264f33305004495a9","hash":"ce20680f39627e990b89e19acd088776038bb1da"}
,"C:\\Users\\USURIO\\Desktop\\Proyectos\\tutubo\\src\\components\\Video\\style.js": {"path":"C:\\Users\\USURIO\\Desktop\\Proyectos\\tutubo\\src\\components\\Video\\style.js","statementMap":{"0":{"start":{"line":3,"column":26},"end":{"line":15,"column":1}},"1":{"start":{"line":12,"column":37},"end":{"line":12,"column":54}},"2":{"start":{"line":17,"column":19},"end":{"line":21,"column":1}},"3":{"start":{"line":23,"column":20},"end":{"line":26,"column":1}},"4":{"start":{"line":28,"column":21},"end":{"line":38,"column":1}},"5":{"start":{"line":29,"column":24},"end":{"line":29,"column":41}},"6":{"start":{"line":40,"column":24},"end":{"line":44,"column":1}},"7":{"start":{"line":41,"column":24},"end":{"line":41,"column":50}}},"fnMap":{"0":{"name":"(anonymous_0)","decl":{"start":{"line":12,"column":24},"end":{"line":12,"column":25}},"loc":{"start":{"line":12,"column":37},"end":{"line":12,"column":54}},"line":12},"1":{"name":"(anonymous_1)","decl":{"start":{"line":29,"column":11},"end":{"line":29,"column":12}},"loc":{"start":{"line":29,"column":24},"end":{"line":29,"column":41}},"line":29},"2":{"name":"(anonymous_2)","decl":{"start":{"line":41,"column":11},"end":{"line":41,"column":12}},"loc":{"start":{"line":41,"column":24},"end":{"line":41,"column":50}},"line":41}},"branchMap":{},"s":{"0":1,"1":5,"2":1,"3":1,"4":1,"5":5,"6":1,"7":10},"f":{"0":5,"1":5,"2":10},"b":{},"_coverageSchema":"1a1c01bbd47fc00a2c39e90264f33305004495a9","hash":"c88c4c76fc66629bc374746fa6544fabf75fc654"}
,"C:\\Users\\USURIO\\Desktop\\Proyectos\\tutubo\\src\\config\\theme.js": {"path":"C:\\Users\\USURIO\\Desktop\\Proyectos\\tutubo\\src\\config\\theme.js","statementMap":{"0":{"start":{"line":1,"column":25},"end":{"line":18,"column":1}},"1":{"start":{"line":20,"column":26},"end":{"line":37,"column":1}}},"fnMap":{},"branchMap":{},"s":{"0":1,"1":1},"f":{},"b":{},"_coverageSchema":"1a1c01bbd47fc00a2c39e90264f33305004495a9","hash":"26b36d0d4e814214dc9bca185dd93c7ab2e6c42b"}
}
