TN:
SF:src\components\Container\index.jsx
FN:8,(anonymous_0)
FN:12,(anonymous_1)
FNF:2
FNH:2
FNDA:8,(anonymous_0)
FNDA:8,(anonymous_1)
DA:3,1
DA:8,8
DA:12,8
LF:3
LH:3
BRF:0
BRH:0
end_of_record
TN:
SF:src\components\ListadoVideos\index.jsx
FN:9,(anonymous_0)
FN:15,(anonymous_1)
FN:25,(anonymous_2)
FN:35,(anonymous_3)
FNF:4
FNH:3
FNDA:8,(anonymous_0)
FNDA:0,(anonymous_1)
FNDA:8,(anonymous_2)
FNDA:5,(anonymous_3)
DA:9,1
DA:11,8
DA:14,8
DA:16,0
DA:21,8
DA:25,8
DA:26,8
DA:27,8
DA:31,8
DA:36,5
LF:10
LH:9
BRDA:26,0,0,8
BRDA:26,0,1,0
BRDA:34,1,0,8
BRDA:34,1,1,5
BRDA:44,2,0,8
BRDA:44,2,1,1
BRDA:51,3,0,8
BRDA:51,3,1,3
BRDA:51,3,2,2
BRDA:59,4,0,8
BRDA:59,4,1,1
BRF:11
BRH:10
end_of_record
TN:
SF:src\components\ListadoVideos\style.js
FN:14,(anonymous_0)
FN:17,(anonymous_1)
FNF:2
FNH:2
FNDA:8,(anonymous_0)
FNDA:8,(anonymous_1)
DA:4,1
DA:14,8
DA:17,8
DA:27,1
DA:35,1
DA:40,1
LF:6
LH:6
BRF:0
BRH:0
end_of_record
TN:
SF:src\components\Spinner\index.jsx
FN:5,(anonymous_0)
FN:25,(anonymous_1)
FN:87,(anonymous_2)
FNF:3
FNH:3
FNDA:1,(anonymous_0)
FNDA:1,(anonymous_1)
FNDA:1,(anonymous_2)
DA:4,1
DA:5,1
DA:25,1
DA:87,1
DA:88,1
LF:5
LH:5
BRF:0
BRH:0
end_of_record
TN:
SF:src\components\Video\index.jsx
FN:5,(anonymous_0)
FN:12,(anonymous_1)
FNF:2
FNH:1
FNDA:5,(anonymous_0)
FNDA:0,(anonymous_1)
DA:5,1
DA:7,5
DA:8,5
DA:10,5
DA:12,0
LF:5
LH:4
BRF:0
BRH:0
end_of_record
TN:
SF:src\components\Video\style.js
FN:12,(anonymous_0)
FN:29,(anonymous_1)
FN:41,(anonymous_2)
FNF:3
FNH:3
FNDA:5,(anonymous_0)
FNDA:5,(anonymous_1)
FNDA:10,(anonymous_2)
DA:3,1
DA:12,5
DA:17,1
DA:23,1
DA:28,1
DA:29,5
DA:40,1
DA:41,10
LF:8
LH:8
BRF:0
BRH:0
end_of_record
TN:
SF:src\config\theme.js
FNF:0
FNH:0
DA:1,1
DA:20,1
LF:2
LH:2
BRF:0
BRH:0
end_of_record
